C:\WEB\PROJECTS\GAMEOFLIFE\GAMEOFLIFE\DEBUG\VC110.PDB
C:\WEB\PROJECTS\GAMEOFLIFE\GAMEOFLIFE\DEBUG\MAIN.OBJ
C:\WEB\PROJECTS\GAMEOFLIFE\DEBUG\GAMEOFLIFE.ILK
C:\WEB\PROJECTS\GAMEOFLIFE\DEBUG\GAMEOFLIFE.EXE
C:\WEB\PROJECTS\GAMEOFLIFE\DEBUG\GAMEOFLIFE.PDB
C:\Web\projects\GameOfLife\GameOfLife\Debug\Main.obj
C:\Web\projects\GameOfLife\GameOfLife\Debug\cl.command.1.tlog
C:\Web\projects\GameOfLife\GameOfLife\Debug\CL.read.1.tlog
C:\Web\projects\GameOfLife\GameOfLife\Debug\CL.write.1.tlog
C:\Web\projects\GameOfLife\GameOfLife\Debug\link-cvtres.read.1.tlog
C:\Web\projects\GameOfLife\GameOfLife\Debug\link-cvtres.write.1.tlog
C:\Web\projects\GameOfLife\GameOfLife\Debug\link-rc.read.1.tlog
C:\Web\projects\GameOfLife\GameOfLife\Debug\link-rc.write.1.tlog
C:\Web\projects\GameOfLife\GameOfLife\Debug\link.2356-cvtres.read.1.tlog
C:\Web\projects\GameOfLife\GameOfLife\Debug\link.2356-cvtres.write.1.tlog
C:\Web\projects\GameOfLife\GameOfLife\Debug\link.2356-rc.read.1.tlog
C:\Web\projects\GameOfLife\GameOfLife\Debug\link.2356-rc.write.1.tlog
C:\Web\projects\GameOfLife\GameOfLife\Debug\link.2356.read.1.tlog
C:\Web\projects\GameOfLife\GameOfLife\Debug\link.2356.write.1.tlog
C:\Web\projects\GameOfLife\GameOfLife\Debug\link.3376-cvtres.read.1.tlog
C:\Web\projects\GameOfLife\GameOfLife\Debug\link.3376-cvtres.write.1.tlog
C:\Web\projects\GameOfLife\GameOfLife\Debug\link.3376-rc.read.1.tlog
C:\Web\projects\GameOfLife\GameOfLife\Debug\link.3376-rc.write.1.tlog
C:\Web\projects\GameOfLife\GameOfLife\Debug\link.3376.read.1.tlog
C:\Web\projects\GameOfLife\GameOfLife\Debug\link.3376.write.1.tlog
C:\Web\projects\GameOfLife\GameOfLife\Debug\link.3576-cvtres.read.1.tlog
C:\Web\projects\GameOfLife\GameOfLife\Debug\link.3576-cvtres.write.1.tlog
C:\Web\projects\GameOfLife\GameOfLife\Debug\link.3576-rc.read.1.tlog
C:\Web\projects\GameOfLife\GameOfLife\Debug\link.3576-rc.write.1.tlog
C:\Web\projects\GameOfLife\GameOfLife\Debug\link.3576.read.1.tlog
C:\Web\projects\GameOfLife\GameOfLife\Debug\link.3576.write.1.tlog
C:\Web\projects\GameOfLife\GameOfLife\Debug\link.4776-cvtres.read.1.tlog
C:\Web\projects\GameOfLife\GameOfLife\Debug\link.4776-cvtres.write.1.tlog
C:\Web\projects\GameOfLife\GameOfLife\Debug\link.4776-rc.read.1.tlog
C:\Web\projects\GameOfLife\GameOfLife\Debug\link.4776-rc.write.1.tlog
C:\Web\projects\GameOfLife\GameOfLife\Debug\link.4776.read.1.tlog
C:\Web\projects\GameOfLife\GameOfLife\Debug\link.4776.write.1.tlog
C:\Web\projects\GameOfLife\GameOfLife\Debug\link.7108-cvtres.read.1.tlog
C:\Web\projects\GameOfLife\GameOfLife\Debug\link.7108-cvtres.write.1.tlog
C:\Web\projects\GameOfLife\GameOfLife\Debug\link.7108-rc.read.1.tlog
C:\Web\projects\GameOfLife\GameOfLife\Debug\link.7108-rc.write.1.tlog
C:\Web\projects\GameOfLife\GameOfLife\Debug\link.7108.read.1.tlog
C:\Web\projects\GameOfLife\GameOfLife\Debug\link.7108.write.1.tlog
C:\Web\projects\GameOfLife\GameOfLife\Debug\link.7844-cvtres.read.1.tlog
C:\Web\projects\GameOfLife\GameOfLife\Debug\link.7844-cvtres.write.1.tlog
C:\Web\projects\GameOfLife\GameOfLife\Debug\link.7844-rc.read.1.tlog
C:\Web\projects\GameOfLife\GameOfLife\Debug\link.7844-rc.write.1.tlog
C:\Web\projects\GameOfLife\GameOfLife\Debug\link.7844.read.1.tlog
C:\Web\projects\GameOfLife\GameOfLife\Debug\link.7844.write.1.tlog
C:\Web\projects\GameOfLife\GameOfLife\Debug\link.956-cvtres.read.1.tlog
C:\Web\projects\GameOfLife\GameOfLife\Debug\link.956-cvtres.write.1.tlog
C:\Web\projects\GameOfLife\GameOfLife\Debug\link.956-rc.read.1.tlog
C:\Web\projects\GameOfLife\GameOfLife\Debug\link.956-rc.write.1.tlog
C:\Web\projects\GameOfLife\GameOfLife\Debug\link.956.read.1.tlog
C:\Web\projects\GameOfLife\GameOfLife\Debug\link.956.write.1.tlog
C:\Web\projects\GameOfLife\GameOfLife\Debug\link.command.1.tlog
C:\Web\projects\GameOfLife\GameOfLife\Debug\link.read.1.tlog
C:\Web\projects\GameOfLife\GameOfLife\Debug\link.write.1.tlog
C:\Web\projects\GameOfLife\GameOfLife\Debug\vc110.idb
C:\Web\projects\GameOfLife\GameOfLife\Debug\vc110.pdb
C:\Web\projects\GameOfLife\Debug\GameOfLife.pdb
C:\Web\projects\GameOfLife\Debug\GameOfLife.exe
C:\Web\projects\GameOfLife\Debug\GameOfLife.ilk
